2026-06-17 13:58:45,494 [INFO] AttendanceSystem: Configuration loaded from C:\Users\manue\AppData\Local\AttendanceSystem\config.json
2026-06-17 13:58:45,514 [INFO] AttendanceSystem: Database initialized at C:\Users\manue\Downloads\attendance_system\attendance_system\attendance.db
2026-06-17 15:28:37,609 [INFO] AttendanceSystem: Configuration loaded from C:\Users\manue\AppData\Local\AttendanceSystem\config.json
2026-06-17 15:28:37,620 [INFO] AttendanceSystem: Database initialized at C:\Users\manue\Downloads\attendance_system\attendance_system\attendance.db
2026-06-17 15:55:48,024 [INFO] AttendanceSystem: Database initialized at C:\Users\manue\AppData\Local\Temp\tmp75u62kfd.db
2026-06-17 15:55:48,182 [INFO] AttendanceSystem: Database initialized at C:\Users\manue\AppData\Local\Temp\tmpq52kxw1w.db
2026-06-17 15:55:48,282 [INFO] AttendanceSystem: Database initialized at C:\Users\manue\AppData\Local\Temp\tmpqhlu8mc4.db
2026-06-17 15:55:48,304 [INFO] AttendanceSystem: Name changed for employee 1: None -> John S.
2026-06-17 15:55:48,375 [INFO] AttendanceSystem: Database initialized at C:\Users\manue\AppData\Local\Temp\tmpfl2gg1a8.db
2026-06-17 15:55:48,445 [INFO] AttendanceSystem: Database initialized at C:\Users\manue\AppData\Local\Temp\tmpgj2vkinw.db
2026-06-17 15:55:48,546 [INFO] AttendanceSystem: Database initialized at C:\Users\manue\AppData\Local\Temp\tmpu3nrg6cy.db
2026-06-17 15:55:48,633 [INFO] AttendanceSystem: Database initialized at C:\Users\manue\AppData\Local\Temp\tmpf95dp69l.db
2026-06-17 15:55:48,700 [INFO] AttendanceSystem: Database initialized at C:\Users\manue\AppData\Local\Temp\tmp3myra59u.db
2026-06-17 15:55:48,718 [INFO] AttendanceSystem: Name changed for employee 1: None -> Friendly Name
2026-06-17 15:55:48,825 [INFO] AttendanceSystem: Database initialized at C:\Users\manue\AppData\Local\Temp\tmp79v_p975.db
2026-06-17 15:55:48,919 [INFO] AttendanceSystem: Database initialized at C:\Users\manue\AppData\Local\Temp\tmp5vo6jxmb.db
2026-06-17 15:55:48,925 [INFO] AttendanceSystem: Configuration loaded from C:\Users\manue\AppData\Local\AttendanceSystem\config.json
2026-06-17 15:55:49,100 [INFO] AttendanceSystem: Database backed up to C:\Users\manue\Downloads\attendance_system\attendance_system\backups\attendance_backup_20260617_155549.db
2026-06-17 15:55:49,492 [INFO] AttendanceSystem: Import complete: 3 records, 0 skipped
2026-06-17 15:55:49,587 [INFO] AttendanceSystem: Database initialized at C:\Users\manue\AppData\Local\Temp\tmplcvl76q9.db
2026-06-17 15:55:49,598 [INFO] AttendanceSystem: Configuration loaded from C:\Users\manue\AppData\Local\AttendanceSystem\config.json
2026-06-17 15:55:49,654 [INFO] AttendanceSystem: Database backed up to C:\Users\manue\Downloads\attendance_system\attendance_system\backups\attendance_backup_20260617_155549.db
2026-06-17 15:55:50,061 [INFO] AttendanceSystem: Import complete: 9 records, 0 skipped
2026-06-17 15:55:50,134 [INFO] AttendanceSystem: Database initialized at C:\Users\manue\AppData\Local\Temp\tmp5y8owcv5.db
2026-06-17 15:55:50,141 [INFO] AttendanceSystem: Configuration loaded from C:\Users\manue\AppData\Local\AttendanceSystem\config.json
2026-06-17 15:55:50,213 [INFO] AttendanceSystem: Database initialized at C:\Users\manue\AppData\Local\Temp\tmp3gytjjm0.db
2026-06-17 15:55:50,220 [INFO] AttendanceSystem: Configuration loaded from C:\Users\manue\AppData\Local\AttendanceSystem\config.json
2026-06-17 15:55:50,290 [INFO] AttendanceSystem: Database initialized at C:\Users\manue\AppData\Local\Temp\tmp_iff54te.db
2026-06-17 15:55:50,298 [INFO] AttendanceSystem: Configuration loaded from C:\Users\manue\AppData\Local\AttendanceSystem\config.json
2026-06-17 15:55:50,395 [INFO] AttendanceSystem: Database initialized at C:\Users\manue\AppData\Local\Temp\tmpcgorjs0g.db
2026-06-17 15:55:50,402 [INFO] AttendanceSystem: Configuration loaded from C:\Users\manue\AppData\Local\AttendanceSystem\config.json
2026-06-17 15:55:50,480 [INFO] AttendanceSystem: Database initialized at C:\Users\manue\AppData\Local\Temp\tmpkeza52bs.db
2026-06-17 15:55:50,486 [INFO] AttendanceSystem: Configuration loaded from C:\Users\manue\AppData\Local\AttendanceSystem\config.json
2026-06-17 15:55:50,554 [INFO] AttendanceSystem: Database initialized at C:\Users\manue\AppData\Local\Temp\tmpoadgtkeh.db
2026-06-17 15:55:50,561 [INFO] AttendanceSystem: Configuration loaded from C:\Users\manue\AppData\Local\AttendanceSystem\config.json
2026-06-17 15:55:50,652 [INFO] AttendanceSystem: Database initialized at C:\Users\manue\AppData\Local\Temp\tmppga77k72.db
2026-06-17 15:55:50,658 [INFO] AttendanceSystem: Configuration loaded from C:\Users\manue\AppData\Local\AttendanceSystem\config.json
2026-06-17 15:55:50,747 [INFO] AttendanceSystem: Database initialized at C:\Users\manue\AppData\Local\Temp\tmp71g9251x.db
2026-06-17 15:55:50,753 [INFO] AttendanceSystem: Configuration loaded from C:\Users\manue\AppData\Local\AttendanceSystem\config.json
2026-06-17 15:55:50,848 [INFO] AttendanceSystem: Database initialized at C:\Users\manue\AppData\Local\Temp\tmpkthzzeva.db
2026-06-17 15:55:50,854 [INFO] AttendanceSystem: Configuration loaded from C:\Users\manue\AppData\Local\AttendanceSystem\config.json
2026-06-17 15:55:50,929 [INFO] AttendanceSystem: Database initialized at C:\Users\manue\AppData\Local\Temp\tmpfyq4q5q9.db
2026-06-17 15:55:50,934 [INFO] AttendanceSystem: Configuration loaded from C:\Users\manue\AppData\Local\AttendanceSystem\config.json
2026-06-17 15:55:51,058 [INFO] AttendanceSystem: Database initialized at C:\Users\manue\AppData\Local\Temp\tmp910zn_jf.db
2026-06-17 15:55:51,063 [INFO] AttendanceSystem: Configuration loaded from C:\Users\manue\AppData\Local\AttendanceSystem\config.json
2026-06-17 15:55:51,469 [INFO] AttendanceSystem: Generated 1 leave report(s): leave_workbook
2026-06-17 15:55:51,596 [INFO] AttendanceSystem: Database initialized at C:\Users\manue\AppData\Local\Temp\tmpo6lf_bbn.db
2026-06-17 15:55:51,603 [INFO] AttendanceSystem: Configuration loaded from C:\Users\manue\AppData\Local\AttendanceSystem\config.json
2026-06-17 15:55:54,520 [INFO] AttendanceSystem: Leave import: 119 records, 4 entitlements, 19 warnings
2026-06-17 15:55:54,596 [INFO] AttendanceSystem: Database initialized at C:\Users\manue\AppData\Local\Temp\tmpzva_nbo3.db
2026-06-17 15:55:54,604 [INFO] AttendanceSystem: Configuration loaded from C:\Users\manue\AppData\Local\AttendanceSystem\config.json
2026-06-17 15:55:54,733 [INFO] AttendanceSystem: Generated 1 report(s): executive
2026-06-17 15:55:54,815 [INFO] AttendanceSystem: Database initialized at C:\Users\manue\AppData\Local\Temp\tmpx09uwphj.db
2026-06-17 15:55:54,823 [INFO] AttendanceSystem: Configuration loaded from C:\Users\manue\AppData\Local\AttendanceSystem\config.json
2026-06-17 15:55:54,852 [INFO] AttendanceSystem: HTML dashboard written to C:\Users\manue\AppData\Local\Temp\tmpp3dodrs4\attendance_dashboard_20260617_155554.html
2026-06-17 15:55:54,853 [INFO] AttendanceSystem: Generated 1 report(s): executive
2026-06-17 15:55:54,963 [INFO] AttendanceSystem: Generated 1 report(s): executive
2026-06-17 15:55:55,037 [INFO] AttendanceSystem: Database initialized at C:\Users\manue\AppData\Local\Temp\tmp_23khusz.db
2026-06-17 15:55:55,044 [INFO] AttendanceSystem: Configuration loaded from C:\Users\manue\AppData\Local\AttendanceSystem\config.json
2026-06-17 15:55:55,091 [INFO] AttendanceSystem: Generated 1 report(s): late_offenders
2026-06-17 15:55:55,161 [INFO] AttendanceSystem: Database initialized at C:\Users\manue\AppData\Local\Temp\tmp3x6tbfwv.db
2026-06-17 15:55:55,168 [INFO] AttendanceSystem: Configuration loaded from C:\Users\manue\AppData\Local\AttendanceSystem\config.json
2026-06-17 15:55:55,673 [INFO] AttendanceSystem: Generated 1 leave report(s): leave_workbook
2026-06-17 15:57:29,658 [INFO] AttendanceSystem: Configuration loaded from C:\Users\manue\AppData\Local\AttendanceSystem\config.json
2026-06-17 15:57:29,669 [INFO] AttendanceSystem: Database initialized at C:\Users\manue\Downloads\attendance_system\attendance_system\attendance.db
